Config file config.yml is extended by additional config specified via the command line.
Assuming unrestricted shared filesystem usage.
host: dhcp34-199.lmm.jussieu.fr
Building DAG of jobs...
Using shell: /bin/bash
Provided cores: 4
Rules claiming more threads will be scaled down.
Provided resources: mem_mb=4000, time_min=120
Job stats:
job               count
--------------  -------
all                   1
postprocess           1
run_simulation        1
total                 3

Select jobs to execute...
Execute 1 jobs...
[Fri Jan 30 12:25:32 2026]
localrule run_simulation:
    output: results/gdim2_ell1_e_c0.2_gamma_mu2_h_div3_mu_00.59/gdim2_ell1_e_c0.2_gamma_mu2_h_div3_mu_00.59-parameters.yml
    log: results/gdim2_ell1_e_c0.2_gamma_mu2_h_div3_mu_00.59/gdim2_ell1_e_c0.2_gamma_mu2_h_div3_mu_00.59.log
    jobid: 1
    reason: Missing output files: results/gdim2_ell1_e_c0.2_gamma_mu2_h_div3_mu_00.59/gdim2_ell1_e_c0.2_gamma_mu2_h_div3_mu_00.59-parameters.yml
    wildcards: outdir=gdim2_ell1_e_c0.2_gamma_mu2_h_div3_mu_00.59
    resources: tmpdir=/var/folders/6n/jdn3jmg57dl7j2yrrs59__000000gn/T, mem_mb=4000, mem_mib=3815, time_min=120
Traceback (most recent call last):

  File "/Users/maurini/miniconda3/envs/poker-chip/lib/python3.11/site-packages/snakemake/executors/local.py", line 231, in spawn_job
    subprocess.check_call(cmd, shell=True)

  File "/Users/maurini/miniconda3/envs/poker-chip/lib/python3.11/subprocess.py", line 413, in check_call
    raise CalledProcessError(retcode, cmd)

subprocess.CalledProcessError: Command 'cd /Users/maurini/Documents/codes/poker_chip && /Users/maurini/miniconda3/envs/poker-chip/bin/python3.11 -m snakemake --snakefile '/Users/maurini/Documents/codes/poker_chip/Snakefile' --target-jobs 'run_simulation:outdir=gdim2_ell1_e_c0.2_gamma_mu2_h_div3_mu_00.59' --allowed-rules run_simulation --cores 4 --attempt 1 --force-use-threads  --force --target-files-omit-workdir-adjustment --max-inventory-time 0 --retries 0 --nocolor --no-hooks --nolock --ignore-incomplete --rerun-triggers code software-env input params mtime --conda-frontend 'conda' --shared-fs-usage software-deployment storage-local-copies persistence source-cache input-output sources --wrapper-prefix 'https://github.com/snakemake/snakemake-wrappers/raw/' --latency-wait 5 --scheduler 'ilp' --local-storage-prefix base64//LnNuYWtlbWFrZS9zdG9yYWdl --scheduler-solver-path '/Users/maurini/miniconda3/envs/poker-chip/bin' --runtime-source-cache-path '/Users/maurini/Library/Caches/snakemake/snakemake/source-cache/snakemake-runtime-cache/tmpq0dxgkdb' --configfiles /Users/maurini/Documents/codes/poker_chip/sweeps/default.yml --default-resources base64//dG1wZGlyPXN5c3RlbV90bXBkaXI= --quiet progress rules host --mode 'subprocess' --local-groupid 'local'' returned non-zero exit status 1.


During handling of the above exception, another exception occurred:


Traceback (most recent call last):

  File "/Users/maurini/miniconda3/envs/poker-chip/lib/python3.11/concurrent/futures/thread.py", line 58, in run
    result = self.fn(*self.args, **self.kwargs)
             ^^^^^^^^^^^^^^^^^^^^^^^^^^^^^^^^^^

  File "/Users/maurini/miniconda3/envs/poker-chip/lib/python3.11/site-packages/snakemake/executors/local.py", line 236, in cached_or_run
    self.workflow.async_run(self.acached_or_run(job, run_func, *args))

  File "/Users/maurini/miniconda3/envs/poker-chip/lib/python3.11/site-packages/snakemake/workflow.py", line 264, in async_run
    return runner.run(coro)
           ^^^^^^^^^^^^^^^^

  File "/Users/maurini/miniconda3/envs/poker-chip/lib/python3.11/asyncio/runners.py", line 118, in run
    return self._loop.run_until_complete(task)
           ^^^^^^^^^^^^^^^^^^^^^^^^^^^^^^^^^^^

  File "/Users/maurini/miniconda3/envs/poker-chip/lib/python3.11/asyncio/base_events.py", line 654, in run_until_complete
    return future.result()
           ^^^^^^^^^^^^^^^

  File "/Users/maurini/miniconda3/envs/poker-chip/lib/python3.11/site-packages/snakemake/executors/local.py", line 249, in acached_or_run
    run_func(*args)

  File "/Users/maurini/miniconda3/envs/poker-chip/lib/python3.11/site-packages/snakemake/executors/local.py", line 233, in spawn_job
    raise SpawnedJobError()

snakemake.exceptions.SpawnedJobError

[Fri Jan 30 12:25:34 2026]
Error in rule run_simulation:
    message: None
    jobid: 1
    output: results/gdim2_ell1_e_c0.2_gamma_mu2_h_div3_mu_00.59/gdim2_ell1_e_c0.2_gamma_mu2_h_div3_mu_00.59-parameters.yml
    log: results/gdim2_ell1_e_c0.2_gamma_mu2_h_div3_mu_00.59/gdim2_ell1_e_c0.2_gamma_mu2_h_div3_mu_00.59.log (check log file(s) for error details)
Shutting down, this might take some time.
Exiting because a job execution failed. Look below for error messages
[Fri Jan 30 12:25:34 2026]
Error in rule run_simulation:
    message: None
    jobid: 1
    output: results/gdim2_ell1_e_c0.2_gamma_mu2_h_div3_mu_00.59/gdim2_ell1_e_c0.2_gamma_mu2_h_div3_mu_00.59-parameters.yml
    log: results/gdim2_ell1_e_c0.2_gamma_mu2_h_div3_mu_00.59/gdim2_ell1_e_c0.2_gamma_mu2_h_div3_mu_00.59.log (check log file(s) for error details)
Complete log(s): /Users/maurini/Documents/codes/poker_chip/.snakemake/log/2026-01-30T122532.337691.snakemake.log
WorkflowError:
At least one job did not complete successfully.
